<?xml version="1.0" encoding="UTF-8"?>
<!-- Generated by org.testng.reporters.JUnitReportReporter -->
<testsuite name="guru99.ecommerce.tests.TectCase1" tests="1" time="6.331" ignored="0" failures="0" timestamp="16 Mar 2017 17:38:49 GMT" skipped="0" hostname="user-PC" errors="0">
  <testcase name="Test1" time="6.331" classname="guru99.ecommerce.tests.TectCase1"/>
</testsuite> <!-- guru99.ecommerce.tests.TectCase1 -->
