<?xml version="1.0" encoding="UTF-8"?>
<!-- Generated by org.testng.reporters.JUnitReportReporter -->
<testsuite name="guru99.ecommerce.tests.TestCase4" tests="1" time="7.213" ignored="0" failures="0" timestamp="19 Mar 2017 14:55:21 GMT" skipped="0" hostname="user-PC" errors="0">
  <testcase name="Test4" time="7.213" classname="guru99.ecommerce.tests.TestCase4"/>
</testsuite> <!-- guru99.ecommerce.tests.TestCase4 -->
