<?xml version="1.0" encoding="UTF-8"?>
<!-- Generated by org.testng.reporters.JUnitReportReporter -->
<testsuite name="guru99.ecommerce.tests.TestCase5" tests="1" time="4.370" ignored="0" failures="0" timestamp="25 Mar 2017 07:48:23 GMT" skipped="0" hostname="user-PC" errors="0">
  <testcase name="Test5" time="4.370" classname="guru99.ecommerce.tests.TestCase5"/>
</testsuite> <!-- guru99.ecommerce.tests.TestCase5 -->
